0 info it worked if it ends with ok
1 verbose cli [ '/usr/local/bin/node', '/usr/local/bin/npm', 'publish' ]
2 info using npm@3.10.10
3 info using node@v6.11.2
4 verbose publish [ '.' ]
5 silly cache add args [ '.', null ]
6 verbose cache add spec .
7 silly cache add parsed spec Result {
7 silly cache add   raw: '.',
7 silly cache add   scope: null,
7 silly cache add   escapedName: null,
7 silly cache add   name: null,
7 silly cache add   rawSpec: '.',
7 silly cache add   spec: '/Users/samhain/Desktop/rockyhorror-names',
7 silly cache add   type: 'directory' }
8 verbose addLocalDirectory /Users/samhain/.npm/rockyhorror-names/0.0.0-semantically-released/package.tgz not in flight; packing
9 verbose correctMkdir /Users/samhain/.npm correctMkdir not in flight; initializing
10 info lifecycle rockyhorror-names@0.0.0-semantically-released~prepublish: rockyhorror-names@0.0.0-semantically-released
11 silly lifecycle rockyhorror-names@0.0.0-semantically-released~prepublish: no script for prepublish, continuing
12 verbose tar pack [ '/Users/samhain/.npm/rockyhorror-names/0.0.0-semantically-released/package.tgz',
12 verbose tar pack   '/Users/samhain/Desktop/rockyhorror-names' ]
13 verbose tarball /Users/samhain/.npm/rockyhorror-names/0.0.0-semantically-released/package.tgz
14 verbose folder /Users/samhain/Desktop/rockyhorror-names
15 verbose addLocalTarball adding from inside cache /Users/samhain/.npm/rockyhorror-names/0.0.0-semantically-released/package.tgz
16 verbose correctMkdir /Users/samhain/.npm correctMkdir not in flight; initializing
17 silly cache afterAdd rockyhorror-names@0.0.0-semantically-released
18 verbose afterAdd /Users/samhain/.npm/rockyhorror-names/0.0.0-semantically-released/package/package.json not in flight; writing
19 verbose correctMkdir /Users/samhain/.npm correctMkdir not in flight; initializing
20 verbose afterAdd /Users/samhain/.npm/rockyhorror-names/0.0.0-semantically-released/package/package.json written
21 silly publish { name: 'rockyhorror-names',
21 silly publish   version: '0.0.0-semantically-released',
21 silly publish   description: 'Get random Rocky Horror names',
21 silly publish   main: 'dist/index.js',
21 silly publish   scripts:
21 silly publish    { commit: 'git-cz',
21 silly publish      'check-coverage': 'nyc check-coverage --statements 100 --branches 100 --functions 100 --lines 100',
21 silly publish      'report-coverage': 'cat ./coverage/lcov.info | codecov',
21 silly publish      start: 'npm run test',
21 silly publish      'watch:test': 'npm t -- --watch',
21 silly publish      test: 'mocha src/index.test.js --compilers js:babel-register',
21 silly publish      cover: 'nyc --reporter=lcov npm t',
21 silly publish      prebuild: 'rimraf dist',
21 silly publish      build: 'npm-run-all --parallel build:*',
21 silly publish      'build:main': 'babel --copy-files --out-dir dist --ignore *.test.js src',
21 silly publish      'build:umd': 'webpack --output-filename index.umd.js',
21 silly publish      'build:umd.min': 'webpack --output-filename index.umd.min.js -p',
21 silly publish      validate: 'npm run cover && npm run check-coverage',
21 silly publish      setup: 'npm install && npm run validate',
21 silly publish      'setup:fem': 'git checkout FEM/10.1-docs && npm install && npm run validate && rimraf .nyc_output coverage dist .git/hooks && git checkout FEM/00-scratch',
21 silly publish      'setup:egghead': 'npm run setup && rimraf dist coverage && git checkout lesson/02-setting-up-github',
21 silly publish      'semantic-release': 'semantic-release pre && npm publish && semantic-release post' },
21 silly publish   repository:
21 silly publish    { type: 'git',
21 silly publish      url: 'git+https://github.com/leroyjames/rockyhorror-names.git' },
21 silly publish   keywords: [ 'random', 'rocky', 'horror' ],
21 silly publish   files: [ 'dist', 'README.md' ],
21 silly publish   author:
21 silly publish    { name: 'Kent C. Dodds',
21 silly publish      email: 'kent@doddsfamily.us',
21 silly publish      url: 'http://leroyjames.com/' },
21 silly publish   license: 'MIT',
21 silly publish   bugs: { url: 'https://github.com/leroyjames/rockyhorror-names/issues' },
21 silly publish   homepage: 'https://github.com/leroyjames/rockyhorror-names#readme',
21 silly publish   dependencies: { 'unique-random-array': '1.0.0' },
21 silly publish   devDependencies:
21 silly publish    { 'babel-cli': '6.11.4',
21 silly publish      'babel-loader': '6.2.4',
21 silly publish      'babel-preset-es2015': '6.13.2',
21 silly publish      'babel-preset-stage-2': '6.13.0',
21 silly publish      'babel-register': '6.11.6',
21 silly publish      chai: '3.5.0',
21 silly publish      codecov: '^1.0.1',
21 silly publish      commitizen: '2.8.5',
21 silly publish      'cz-conventional-changelog': '1.1.6',
21 silly publish      ghooks: '1.3.2',
21 silly publish      'json-loader': '0.5.4',
21 silly publish      mocha: '3.0.1',
21 silly publish      'npm-run-all': '2.3.0',
21 silly publish      nyc: '7.1.0',
21 silly publish      rimraf: '2.5.4',
21 silly publish      'semantic-release': '^4.2.1',
21 silly publish      webpack: '1.13.1' },
21 silly publish   engines: { node: '6.x', npm: '3.x' },
21 silly publish   config:
21 silly publish    { ghooks: { 'pre-commit': 'npm run validate' },
21 silly publish      commitizen: { path: 'node_modules/cz-conventional-changelog' } },
21 silly publish   babel: { presets: [ 'es2015', 'stage-2' ] },
21 silly publish   readme: '# rockyhorror-names\n\n\nGet random names from <a href="http://www.imdb.com/title/tt0073629/" target="_blank">Rocky Horror Picture Show</a> characters.\n\n![rockyhorror-names](other/rockyhorror-names.gif)\n\n## Installation\n\nThis package is distributed via npm:\n\n```\nnpm install rockyhorror-names\n```\n\n## Usage\n\n```javascript\nvar names = require(\'rockyhorror-names\');\nvar allNames = names.all;\nvar randomName = names.random();\nvar threeRandomNames = names.random(3);\n```\n\n## Other\n\nThis library was developed by [me](https://twitter.com/leroyjames) as part of an\n[egghead.io](http://egghead.io/) series called "How to Write a JavaScript Library."\n\nI\'m now also using it to give [a workshop](http://kcd.im/fem-oss) for\n[Frontend Masters](https://frontendmasters.com).\n\n### Project Setup\n\nThis project assumes you have [NodeJS v6](http://nodejs.org/) or greater installed. You should\nalso have [npm v3](https://www.npmjs.com/) or greater installed as well (this comes packaged\nwith Node 6). You\'ll also need a recent version of [git](https://git-scm.com/) installed\nas well.\n\nYou may have come to this project from different varying sources. There are a\ndifferent series of branches for each workshop/course I\'ve done. To get started with\nthe project, start with this:\n\n1. [Sign up](https://github.com/join) for a GitHub Account (if you don\'t already have one)\n2. [Fork](https://help.github.com/articles/fork-a-repo/) this repo\n3. [Clone](https://help.github.com/articles/cloning-a-repository/) your fork\n4. In the directory you cloned the repository, run `git fetch --all`\n\nIf you need help with these steps, you might check out\n[this free Egghead.io course](http://kcd.im/pull-request) which can help you get things going.\n\nFinally, based on which version of the project you\'re looking for (workshop, egghead, or\nFrontend Masters) you\'ll run one of the following commands in the cloned directory:\n\n- **Frontend Masters Workshop**: `npm run setup:fem`\n- **Egghead Course**: `npm run setup:egghead`\n\nIf you get any failures at this point something is wrong and needs to be fixed. Remember,\n[Google](https://google.com) and [StackOverflow](https://stackoverflow.com) are your friends.\n\nYou might find it helpful to see a list of the available branches. Run: `git branch` for that.\n',
21 silly publish   readmeFilename: 'README.md',
21 silly publish   gitHead: '6bda0289eff206c4a963494263167d3558c27498',
21 silly publish   _id: 'rockyhorror-names@0.0.0-semantically-released',
21 silly publish   _shasum: 'f230e06c12b1a02ea8c88cc27c232929955f3f0b',
21 silly publish   _from: '.' }
22 verbose getPublishConfig undefined
23 silly mapToRegistry name rockyhorror-names
24 silly mapToRegistry using default registry
25 silly mapToRegistry registry https://registry.npmjs.org/
26 silly mapToRegistry data Result {
26 silly mapToRegistry   raw: 'rockyhorror-names',
26 silly mapToRegistry   scope: null,
26 silly mapToRegistry   escapedName: 'rockyhorror-names',
26 silly mapToRegistry   name: 'rockyhorror-names',
26 silly mapToRegistry   rawSpec: '',
26 silly mapToRegistry   spec: 'latest',
26 silly mapToRegistry   type: 'tag' }
27 silly mapToRegistry uri https://registry.npmjs.org/rockyhorror-names
28 verbose publish registryBase https://registry.npmjs.org/
29 silly publish uploading /Users/samhain/.npm/rockyhorror-names/0.0.0-semantically-released/package.tgz
30 verbose request uri https://registry.npmjs.org/rockyhorror-names
31 verbose request sending authorization for write operation
32 info attempt registry request try #1 at 1:51:44 PM
33 verbose request using bearer token for auth
34 verbose request id 9a446313e2409c9c
35 http request PUT https://registry.npmjs.org/rockyhorror-names
36 http 403 https://registry.npmjs.org/rockyhorror-names
37 verbose headers { 'content-type': 'application/json',
37 verbose headers   'cache-control': 'max-age=300',
37 verbose headers   'content-length': '113',
37 verbose headers   'accept-ranges': 'bytes',
37 verbose headers   date: 'Sun, 31 Dec 2017 19:51:45 GMT',
37 verbose headers   via: '1.1 varnish',
37 verbose headers   connection: 'keep-alive',
37 verbose headers   'x-served-by': 'cache-dfw18623-DFW',
37 verbose headers   'x-cache': 'MISS',
37 verbose headers   'x-cache-hits': '0',
37 verbose headers   'x-timer': 'S1514749905.737848,VS0,VE402',
37 verbose headers   vary: 'Accept-Encoding, Accept' }
38 verbose request invalidating /Users/samhain/.npm/registry.npmjs.org/rockyhorror-names on PUT
39 error publish Failed PUT 403
40 verbose stack Error: You cannot publish over the previously published version 0.0.0-semantically-released. : rockyhorror-names
40 verbose stack     at makeError (/usr/local/lib/node_modules/npm/node_modules/npm-registry-client/lib/request.js:302:12)
40 verbose stack     at CachingRegistryClient.<anonymous> (/usr/local/lib/node_modules/npm/node_modules/npm-registry-client/lib/request.js:290:14)
40 verbose stack     at Request._callback (/usr/local/lib/node_modules/npm/node_modules/npm-registry-client/lib/request.js:210:14)
40 verbose stack     at Request.self.callback (/usr/local/lib/node_modules/npm/node_modules/request/request.js:187:22)
40 verbose stack     at emitTwo (events.js:106:13)
40 verbose stack     at Request.emit (events.js:191:7)
40 verbose stack     at Request.<anonymous> (/usr/local/lib/node_modules/npm/node_modules/request/request.js:1048:10)
40 verbose stack     at emitOne (events.js:96:13)
40 verbose stack     at Request.emit (events.js:188:7)
40 verbose stack     at IncomingMessage.<anonymous> (/usr/local/lib/node_modules/npm/node_modules/request/request.js:969:12)
41 verbose statusCode 403
42 verbose pkgid rockyhorror-names
43 verbose cwd /Users/samhain/Desktop/rockyhorror-names
44 error Darwin 16.7.0
45 error argv "/usr/local/bin/node" "/usr/local/bin/npm" "publish"
46 error node v6.11.2
47 error npm  v3.10.10
48 error code E403
49 error You cannot publish over the previously published version 0.0.0-semantically-released. : rockyhorror-names
50 error If you need help, you may report this error at:
50 error     <https://github.com/npm/npm/issues>
51 verbose exit [ 1, true ]
